2022-03-30 15:16:45|INFO|train.py[:26]|Bulid Model...
2022-03-30 15:17:38|INFO|gpu_git.py[:163]|Given an unaviliable mode,will be chosen by memory
2022-03-30 15:17:38|INFO|gpu_git.py[:114]|Sorted by free memory rate
2022-03-30 15:17:38|INFO|gpu_git.py[:167]|Using GPU 0:index:0 | gpu_name:NVIDIA GeForce RTX 3070 Laptop GPU | memory.free:8044 | memory.total:8192 | power.draw:32 | power.limit:1 | specified:True
2022-03-30 15:17:52|INFO|token_2_data.py[:31]|保存 label_2_id 映射！！！
2022-03-30 15:17:52|INFO|token_2_data.py[:39]|构建词汇表映射关系！！！
2022-03-30 15:17:53|INFO|token_2_data.py[:42]|保存 word_2_id 映射！！
2022-03-30 15:17:53|INFO|train.py[:117]|x_train shape:(2807, 500) --- x_val shape:(935, 500) --- y_train shape:(2807,) --- y_val shape: (935,)
2022-03-30 15:17:53|INFO|train.py[:122]|Vocabulary Size（词汇大小）: 10367
2022-03-30 15:17:53|INFO|train.py[:123]|Train/Dev split: 2807/935
2022-03-30 15:17:53|INFO|train.py[:26]|Bulid Model...
2022-03-30 15:17:54|INFO|train.py[:68]|Load the pre-training model
2022-03-30 15:17:54|INFO|train.py[:74]|model train ...
2022-03-30 15:18:08|INFO|train.py[:133]|Test...
2022-03-30 15:18:08|INFO|train.py[:85]|restore model name is : ./alphamind\text_cnn.model.ckpt
2022-03-30 15:18:08|INFO|train.py[:145]|Restored model, accuracy: 90.16%
2022-03-30 15:20:56|INFO|train.py[:84]|restore model name is : ./alphamind\text_cnn.model.ckpt
2022-03-30 15:22:38|INFO|train.py[:84]|restore model name is : ./alphamind\text_cnn.model.ckpt
2022-03-30 15:24:07|INFO|train.py[:26]|Bulid Model...
2022-03-30 15:24:54|INFO|train.py[:26]|Bulid Model...
2022-03-30 15:24:56|INFO|train.py[:85]|restore model name is : ./alphamind\text_cnn.model.ckpt
2022-03-30 15:26:44|INFO|train.py[:26]|Bulid Model...
2022-03-30 15:26:46|INFO|train.py[:85]|restore model name is : ./alphamind\text_cnn.model.ckpt
2022-03-30 15:27:15|INFO|train.py[:26]|Bulid Model...
2022-03-30 15:27:17|INFO|train.py[:85]|restore model name is : ./alphamind\text_cnn.model.ckpt
2022-03-30 15:29:53|INFO|train.py[:26]|Bulid Model...
2022-03-30 15:29:57|INFO|train.py[:85]|restore model name is : ./alphamind\text_cnn.model.ckpt
2022-03-30 15:30:16|INFO|train.py[:26]|Bulid Model...
2022-03-30 15:30:18|INFO|train.py[:85]|restore model name is : ./alphamind\text_cnn.model.ckpt
2022-03-30 15:36:32|INFO|train.py[:26]|Bulid Model...
2022-03-30 15:36:34|INFO|train.py[:85]|restore model name is : ./alphamind\text_cnn.model.ckpt
2022-03-30 15:39:14|INFO|server.py[:80]|基于模型：降档用户数据检测.....
2022-03-30 15:41:25|INFO|train.py[:26]|Bulid Model...
2022-03-30 15:41:29|INFO|train.py[:85]|restore model name is : ./alphamind\text_cnn.model.ckpt
2022-03-30 15:41:30|INFO|server.py[:80]|基于模型：降档用户数据检测.....
2022-03-30 15:42:15|INFO|server.py[:80]|基于模型：降档用户数据检测.....
2022-03-30 15:43:56|INFO|train.py[:26]|Bulid Model...
2022-03-30 15:44:00|INFO|train.py[:85]|restore model name is : ./alphamind\text_cnn.model.ckpt
2022-03-30 15:44:10|INFO|server.py[:82]|基于模型：降档用户数据检测.....
2022-03-30 15:44:29|INFO|server.py[:82]|基于模型：降档用户数据检测.....
2022-03-30 15:44:41|INFO|train.py[:26]|Bulid Model...
2022-03-30 15:44:42|INFO|train.py[:85]|restore model name is : ./alphamind\text_cnn.model.ckpt
2022-03-30 15:44:44|INFO|server.py[:82]|基于模型：降档用户数据检测.....
2022-03-30 15:44:46|INFO|server.py[:82]|基于模型：降档用户数据检测.....
2022-03-30 15:47:10|INFO|train.py[:26]|Bulid Model...
2022-03-30 15:47:12|INFO|train.py[:85]|restore model name is : ./alphamind\text_cnn.model.ckpt
2022-03-30 15:47:30|INFO|server.py[:83]|基于模型：降档用户数据检测.....
2022-03-30 15:47:31|ERROR|server.py[:117]|异常信息为:`sequences` must be a list of iterables. Found non-iterable: 148
2022-03-30 15:48:38|INFO|train.py[:26]|Bulid Model...
2022-03-30 15:48:39|INFO|train.py[:85]|restore model name is : ./alphamind\text_cnn.model.ckpt
2022-03-30 15:48:47|INFO|server.py[:82]|基于模型：降档用户数据检测.....
2022-03-30 15:48:51|ERROR|server.py[:116]|异常信息为:only size-1 arrays can be converted to Python scalars
2022-03-30 15:49:24|INFO|train.py[:26]|Bulid Model...
2022-03-30 15:49:26|INFO|train.py[:85]|restore model name is : ./alphamind\text_cnn.model.ckpt
2022-03-30 15:49:48|INFO|server.py[:82]|基于模型：降档用户数据检测.....
2022-03-30 15:52:12|INFO|train.py[:26]|Bulid Model...
2022-03-30 15:52:14|INFO|train.py[:85]|restore model name is : ./alphamind\text_cnn.model.ckpt
2022-03-30 15:52:57|INFO|train.py[:26]|Bulid Model...
2022-03-30 15:52:59|INFO|train.py[:85]|restore model name is : ./alphamind\text_cnn.model.ckpt
2022-03-30 15:53:17|INFO|server.py[:81]|基于模型：降档用户数据检测.....
2022-03-30 15:53:35|INFO|server.py[:81]|基于模型：降档用户数据检测.....
2022-03-30 15:53:37|INFO|server.py[:81]|基于模型：降档用户数据检测.....
2022-03-30 15:53:39|INFO|server.py[:81]|基于模型：降档用户数据检测.....
2022-03-30 15:53:41|INFO|server.py[:81]|基于模型：降档用户数据检测.....
2022-03-30 15:54:04|INFO|server.py[:81]|基于模型：降档用户数据检测.....
2022-03-30 15:54:06|INFO|server.py[:81]|基于模型：降档用户数据检测.....
2022-03-30 15:54:08|INFO|server.py[:81]|基于模型：降档用户数据检测.....
2022-03-30 15:54:10|INFO|server.py[:81]|基于模型：降档用户数据检测.....
2022-03-30 15:54:12|INFO|server.py[:81]|基于模型：降档用户数据检测.....
